[    0.000000] Linux version 4.15.0-101-generic (buildd@lgw01-amd64-003) (gcc version 7.5.0 (Ubuntu 7.5.0-3ubuntu1~18.04)) #102-Ubuntu SMP Mon May 11 10:07:26 UTC 2020 (Ubuntu 4.15.0-101.102-generic 4.15.18)
[    0.000000] Command line: BOOT_IMAGE=/boot/vmlinuz-4.15.0-101-generic root=LABEL=cloudimg-rootfs ro console=tty1 console=ttyS0
[    0.000000] KERNEL supported cpus:
[    0.000000]   Intel GenuineIntel
[    0.000000]   AMD AuthenticAMD
[    0.000000]   Centaur CentaurHauls
[    0.000000] x86/fpu: Supporting XSAVE feature 0x001: 'x87 floating point registers'
[    0.000000] x86/fpu: Supporting XSAVE feature 0x002: 'SSE registers'
[    0.000000] x86/fpu: Supporting XSAVE feature 0x004: 'AVX registers'
[    0.000000] x86/fpu: xstate_offset[2]:  576, xstate_sizes[2]:  256
[    0.000000] x86/fpu: Enabled xstate features 0x7, context size is 832 bytes, using 'standard' format.
[    0.000000] e820: BIOS-provided physical RAM map:
[    0.000000] BIOS-e820: [mem 0x0000000000000000-0x000000000009fbff] usable
[    0.000000] BIOS-e820: [mem 0x000000000009fc00-0x000000000009ffff] reserved
[    0.000000] BIOS-e820: [mem 0x00000000000f0000-0x00000000000fffff] reserved
[    0.000000] BIOS-e820: [mem 0x0000000000100000-0x000000003ffeffff] usable
[    0.000000] BIOS-e820: [mem 0x000000003fff0000-0x000000003fffffff] ACPI data
[    0.000000] BIOS-e820: [mem 0x00000000fec00000-0x00000000fec00fff] reserved
[    0.000000] BIOS-e820: [mem 0x00000000fee00000-0x00000000fee00fff] reserved
[    0.000000] BIOS-e820: [mem 0x00000000fffc0000-0x00000000ffffffff] reserved
[    0.000000] NX (Execute Disable) protection: active
[    0.000000] SMBIOS 2.5 present.
[    0.000000] DMI: innotek GmbH VirtualBox/VirtualBox, BIOS VirtualBox 12/01/2006
[    0.000000] Hypervisor detected: KVM
[    0.000000] e820: last_pfn = 0x3fff0 max_arch_pfn = 0x400000000
[    0.000000] MTRR: Disabled
[    0.000000] x86/PAT: MTRRs disabled, skipping PAT initialization too.
[    0.000000] CPU MTRRs all blank - virtualized system.
[    0.000000] x86/PAT: Configuration [0-7]: WB  WT  UC- UC  WB  WT  UC- UC  
[    0.000000] found SMP MP-table at [mem 0x0009fff0-0x0009ffff]
[    0.000000] Scanning 1 areas for low memory corruption
[    0.000000] RAMDISK: [mem 0x35a6f000-0x36d2efff]
[    0.000000] ACPI: Early table checksum verification disabled
[    0.000000] ACPI: RSDP 0x00000000000E0000 000024 (v02 VBOX  )
[    0.000000] ACPI: XSDT 0x000000003FFF0030 00003C (v01 VBOX   VBOXXSDT 00000001 ASL  00000061)
[    0.000000] ACPI: FACP 0x000000003FFF00F0 0000F4 (v04 VBOX   VBOXFACP 00000001 ASL  00000061)
[    0.000000] ACPI: DSDT 0x000000003FFF0470 0022EA (v02 VBOX   VBOXBIOS 00000002 INTL 20100528)
[    0.000000] ACPI: FACS 0x000000003FFF0200 000040
[    0.000000] ACPI: FACS 0x000000003FFF0200 000040
[    0.000000] ACPI: APIC 0x000000003FFF0240 00005C (v02 VBOX   VBOXAPIC 00000001 ASL  00000061)
[    0.000000] ACPI: SSDT 0x000000003FFF02A0 0001CC (v01 VBOX   VBOXCPUT 00000002 INTL 20100528)
[    0.000000] No NUMA configuration found
[    0.000000] Faking a node at [mem 0x0000000000000000-0x000000003ffeffff]
[    0.000000] NODE_DATA(0) allocated [mem 0x3ffc5000-0x3ffeffff]
[    0.000000] kvm-clock: cpu 0, msr 0:3ff44001, primary cpu clock
[    0.000000] kvm-clock: Using msrs 4b564d01 and 4b564d00
[    0.000000] kvm-clock: using sched offset of 3944164675 cycles
[    0.000000] clocksource: kvm-clock: mask: 0xffffffffffffffff max_cycles: 0x1cd42e4dffb, max_idle_ns: 881590591483 ns
[    0.000000] Zone ranges:
[    0.000000]   DMA      [mem 0x0000000000001000-0x0000000000ffffff]
[    0.000000]   DMA32    [mem 0x0000000001000000-0x000000003ffeffff]
[    0.000000]   Normal   empty
[    0.000000]   Device   empty
[    0.000000] Movable zone start for each node
[    0.000000] Early memory node ranges
[    0.000000]   node   0: [mem 0x0000000000001000-0x000000000009efff]
[    0.000000]   node   0: [mem 0x0000000000100000-0x000000003ffeffff]
[    0.000000] Reserved but unavailable: 98 pages
[    0.000000] Initmem setup node 0 [mem 0x0000000000001000-0x000000003ffeffff]
[    0.000000] ACPI: PM-Timer IO Port: 0x4008
[    0.000000] IOAPIC[0]: apic_id 2, version 32, address 0xfec00000, GSI 0-23
[    0.000000] ACPI: INT_SRC_OVR (bus 0 bus_irq 0 global_irq 2 dfl dfl)
[    0.000000] ACPI: INT_SRC_OVR (bus 0 bus_irq 9 global_irq 9 low level)
[    0.000000] Using ACPI (MADT) for SMP configuration information
[    0.000000] smpboot: Allowing 2 CPUs, 0 hotplug CPUs
[    0.000000] PM: Registered nosave memory: [mem 0x00000000-0x00000fff]
[    0.000000] PM: Registered nosave memory: [mem 0x0009f000-0x0009ffff]
[    0.000000] PM: Registered nosave memory: [mem 0x000a0000-0x000effff]
[    0.000000] PM: Registered nosave memory: [mem 0x000f0000-0x000fffff]
[    0.000000] e820: [mem 0x40000000-0xfebfffff] available for PCI devices
[    0.000000] Booting paravirtualized kernel on KVM
[    0.000000] clocksource: refined-jiffies: mask: 0xffffffff max_cycles: 0xffffffff, max_idle_ns: 7645519600211568 ns
[    0.000000] random: get_random_bytes called from start_kernel+0x99/0x4fd with crng_init=0
[    0.000000] setup_percpu: NR_CPUS:8192 nr_cpumask_bits:2 nr_cpu_ids:2 nr_node_ids:1
[    0.000000] percpu: Embedded 45 pages/cpu s147456 r8192 d28672 u1048576
[    0.000000] PV qspinlock hash table entries: 256 (order: 0, 4096 bytes)
[    0.000000] Built 1 zonelists, mobility grouping on.  Total pages: 257913
[    0.000000] Policy zone: DMA32
[    0.000000] Kernel command line: BOOT_IMAGE=/boot/vmlinuz-4.15.0-101-generic root=LABEL=cloudimg-rootfs ro console=tty1 console=ttyS0
[    0.000000] Memory: 983068K/1048120K available (12300K kernel code, 2481K rwdata, 4268K rodata, 2432K init, 2712K bss, 65052K reserved, 0K cma-reserved)
[    0.000000] SLUB: HWalign=64, Order=0-3, MinObjects=0, CPUs=2, Nodes=1
[    0.000000] Kernel/User page tables isolation: enabled
[    0.000000] ftrace: allocating 39364 entries in 154 pages
[    0.004000] Hierarchical RCU implementation.
[    0.004000] 	RCU restricting CPUs from NR_CPUS=8192 to nr_cpu_ids=2.
[    0.004000] 	Tasks RCU enabled.
[    0.004000] RCU: Adjusting geometry for rcu_fanout_leaf=16, nr_cpu_ids=2
[    0.004000] NR_IRQS: 524544, nr_irqs: 440, preallocated irqs: 16
[    0.004000] Console: colour VGA+ 80x25
[    0.004000] console [tty1] enabled
[    0.004000] console [ttyS0] enabled
[    0.004000] ACPI: Core revision 20170831
[    0.004000] ACPI: 2 ACPI AML tables successfully acquired and loaded
[    0.004000] APIC: Switch to symmetric I/O mode setup
[    0.004000] x2apic enabled
[    0.004000] Switched APIC routing to physical x2apic.
[    0.004000] ..TIMER: vector=0x30 apic1=0 pin1=2 apic2=-1 pin2=-1
[    0.004003] tsc: Detected 2208.000 MHz processor
[    0.004958] Calibrating delay loop (skipped) preset value.. 4416.00 BogoMIPS (lpj=8832000)
[    0.005628] pid_max: default: 32768 minimum: 301
[    0.008029] Security Framework initialized
[    0.008845] Yama: becoming mindful.
[    0.009670] AppArmor: AppArmor initialized
[    0.016034] Dentry cache hash table entries: 131072 (order: 8, 1048576 bytes)
[    0.020054] Inode-cache hash table entries: 65536 (order: 7, 524288 bytes)
[    0.024011] Mount-cache hash table entries: 2048 (order: 2, 16384 bytes)
[    0.025233] Mountpoint-cache hash table entries: 2048 (order: 2, 16384 bytes)
[    0.026771] Last level iTLB entries: 4KB 64, 2MB 8, 4MB 8
[    0.028001] Last level dTLB entries: 4KB 64, 2MB 0, 4MB 0, 1GB 4
[    0.029162] Spectre V1 : Mitigation: usercopy/swapgs barriers and __user pointer sanitization
[    0.030736] Spectre V2 : Mitigation: Full generic retpoline
[    0.032001] Spectre V2 : Spectre v2 / SpectreRSB mitigation: Filling RSB on context switch
[    0.033734] Speculative Store Bypass: Vulnerable
[    0.034649] MDS: Mitigation: Clear CPU buffers
[    0.036170] Freeing SMP alternatives memory: 36K
[    0.146016] smpboot: CPU0: Intel(R) Core(TM) i7-8750H CPU @ 2.20GHz (family: 0x6, model: 0x9e, stepping: 0xa)
[    0.147887] Performance Events: unsupported p6 CPU model 158 no PMU driver, software events only.
[    0.148000] Hierarchical SRCU implementation.
[    0.148462] NMI watchdog: Perf event create on CPU 0 failed with -2
[    0.149593] NMI watchdog: Perf NMI watchdog permanently disabled
[    0.150737] smp: Bringing up secondary CPUs ...
[    0.152108] x86: Booting SMP configuration:
[    0.152924] .... node  #0, CPUs:      #1
[    0.004000] kvm-clock: cpu 1, msr 0:3ff44041, secondary cpu clock
[    0.156015] smp: Brought up 1 node, 2 CPUs
[    0.156782] smpboot: Max logical packages: 1
[    0.157609] smpboot: Total of 2 processors activated (8832.00 BogoMIPS)
[    0.160090] devtmpfs: initialized
[    0.160702] x86/mm: Memory block size: 128MB
[    0.161725] evm: security.selinux
[    0.162386] evm: security.SMACK64
[    0.163048] evm: security.SMACK64EXEC
[    0.164002] evm: security.SMACK64TRANSMUTE
[    0.164921] evm: security.SMACK64MMAP
[    0.165709] evm: security.apparmor
[    0.166395] evm: security.ima
[    0.167011] evm: security.capability
[    0.168069] clocksource: jiffies: mask: 0xffffffff max_cycles: 0xffffffff, max_idle_ns: 7645041785100000 ns
[    0.169881] futex hash table entries: 512 (order: 3, 32768 bytes)
[    0.172023] pinctrl core: initialized pinctrl subsystem
[    0.176102] RTC time: 12:15:01, date: 06/14/20
[    0.180110] NET: Registered protocol family 16
[    0.181057] audit: initializing netlink subsys (disabled)
[    0.182104] audit: type=2000 audit(1592136906.659:1): state=initialized audit_enabled=0 res=1
[    0.184011] cpuidle: using governor ladder
[    0.184890] cpuidle: using governor menu
[    0.185821] ACPI: bus type PCI registered
[    0.186714] acpiphp: ACPI Hot Plug PCI Controller Driver version: 0.5
[    0.188016] PCI: Using configuration type 1 for base access
[    0.189106] HugeTLB registered 2.00 MiB page size, pre-allocated 0 pages
[    0.192064] ACPI: Added _OSI(Module Device)
[    0.192899] ACPI: Added _OSI(Processor Device)
[    0.193873] ACPI: Added _OSI(3.0 _SCP Extensions)
[    0.194773] ACPI: Added _OSI(Processor Aggregator Device)
[    0.196002] ACPI: Added _OSI(Linux-Dell-Video)
[    0.196851] ACPI: Added _OSI(Linux-Lenovo-NV-HDMI-Audio)
[    0.197881] ACPI: Added _OSI(Linux-HPI-Hybrid-Graphics)
[    0.199159] ACPI: Executed 1 blocks of module-level executable AML code
[    0.203443] ACPI: Interpreter enabled
[    0.204010] ACPI: (supports S0 S5)
[    0.204694] ACPI: Using IOAPIC for interrupt routing
[    0.205870] PCI: Using host bridge windows from ACPI; if necessary, use "pci=nocrs" and report a bug
[    0.207846] ACPI: Enabled 2 GPEs in block 00 to 07
[    0.215655] ACPI: PCI Root Bridge [PCI0] (domain 0000 [bus 00-ff])
[    0.216005] acpi PNP0A03:00: _OSC: OS supports [ASPM ClockPM Segments MSI]
[    0.217769] acpi PNP0A03:00: _OSC: not requesting OS control; OS requires [ExtendedConfig ASPM ClockPM MSI]
[    0.219621] acpi PNP0A03:00: fail to add MMCONFIG information, can't access extended PCI configuration space under this bridge.
[    0.220322] PCI host bridge to bus 0000:00
[    0.221131] pci_bus 0000:00: root bus resource [io  0x0000-0x0cf7 window]
[    0.224003] pci_bus 0000:00: root bus resource [io  0x0d00-0xffff window]
[    0.225265] pci_bus 0000:00: root bus resource [mem 0x000a0000-0x000bffff window]
[    0.226751] pci_bus 0000:00: root bus resource [mem 0x40000000-0xfdffffff window]
[    0.228002] pci_bus 0000:00: root bus resource [bus 00-ff]
[    0.230995] pci 0000:00:01.1: legacy IDE quirk: reg 0x10: [io  0x01f0-0x01f7]
[    0.232002] pci 0000:00:01.1: legacy IDE quirk: reg 0x14: [io  0x03f6]
[    0.233224] pci 0000:00:01.1: legacy IDE quirk: reg 0x18: [io  0x0170-0x0177]
[    0.234499] pci 0000:00:01.1: legacy IDE quirk: reg 0x1c: [io  0x0376]
[    0.248910] pci 0000:00:07.0: quirk: [io  0x4000-0x403f] claimed by PIIX4 ACPI
[    0.250372] pci 0000:00:07.0: quirk: [io  0x4100-0x410f] claimed by PIIX4 SMB
[    0.258141] ACPI: PCI Interrupt Link [LNKA] (IRQs 5 9 10 *11)
[    0.259578] ACPI: PCI Interrupt Link [LNKB] (IRQs 5 9 *10 11)
[    0.260113] ACPI: PCI Interrupt Link [LNKC] (IRQs 5 *9 10 11)
[    0.261356] ACPI: PCI Interrupt Link [LNKD] (IRQs 5 9 10 *11)
[    0.262674] SCSI subsystem initialized
[    0.264014] pci 0000:00:02.0: vgaarb: setting as boot VGA device
[    0.264014] pci 0000:00:02.0: vgaarb: VGA device added: decodes=io+mem,owns=io+mem,locks=none
[    0.264014] pci 0000:00:02.0: vgaarb: bridge control possible
[    0.265024] vgaarb: loaded
[    0.265642] ACPI: bus type USB registered
[    0.268016] usbcore: registered new interface driver usbfs
[    0.269026] usbcore: registered new interface driver hub
[    0.269996] usbcore: registered new device driver usb
[    0.272015] EDAC MC: Ver: 3.0.0
[    0.272183] PCI: Using ACPI for IRQ routing
[    0.273095] NetLabel: Initializing
[    0.273777] NetLabel:  domain hash size = 128
[    0.274605] NetLabel:  protocols = UNLABELED CIPSOv4 CALIPSO
[    0.275692] NetLabel:  unlabeled traffic allowed by default
[    0.276056] clocksource: Switched to clocksource kvm-clock
[    0.336560] VFS: Disk quotas dquot_6.6.0
[    0.337371] VFS: Dquot-cache hash table entries: 512 (order 0, 4096 bytes)
[    0.339107] AppArmor: AppArmor Filesystem Enabled
[    0.340290] pnp: PnP ACPI init
[    0.341829] pnp: PnP ACPI: found 3 devices
[    0.347824] clocksource: acpi_pm: mask: 0xffffff max_cycles: 0xffffff, max_idle_ns: 2085701024 ns
[    0.349588] NET: Registered protocol family 2
[    0.350502] TCP established hash table entries: 8192 (order: 4, 65536 bytes)
[    0.365418] TCP bind hash table entries: 8192 (order: 5, 131072 bytes)
[    0.366642] TCP: Hash tables configured (established 8192 bind 8192)
[    0.367856] UDP hash table entries: 512 (order: 2, 16384 bytes)
[    0.369137] UDP-Lite hash table entries: 512 (order: 2, 16384 bytes)
[    0.370335] NET: Registered protocol family 1
[    0.371242] pci 0000:00:00.0: Limiting direct PCI/PCI transfers
[    0.372474] pci 0000:00:01.0: Activating ISA DMA hang workarounds
[    0.373745] pci 0000:00:02.0: Video device with shadowed ROM at [mem 0x000c0000-0x000dffff]
[    0.375501] Unpacking initramfs...
[    1.029030] Freeing initrd memory: 19200K
[    1.029774] clocksource: tsc: mask: 0xffffffffffffffff max_cycles: 0x1fd3b81b95f, max_idle_ns: 440795257325 ns
[    1.031537] platform rtc_cmos: registered platform RTC device (no PNP device found)
[    1.032963] Scanning for low memory corruption every 60 seconds
[    1.034535] Initialise system trusted keyrings
[    1.035383] Key type blacklist registered
[    1.036302] workingset: timestamp_bits=36 max_order=18 bucket_order=0
[    1.038426] zbud: loaded
[    1.039664] squashfs: version 4.0 (2009/01/31) Phillip Lougher
[    1.040823] fuse init (API version 7.26)
[    1.043814] Key type asymmetric registered
[    1.044541] Asymmetric key parser 'x509' registered
[    1.045368] Block layer SCSI generic (bsg) driver version 0.4 loaded (major 246)
[    1.046713] io scheduler noop registered
[    1.047414] io scheduler deadline registered
[    1.048171] io scheduler cfq registered (default)
[    1.049246] ACPI: AC Adapter [AC] (on-line)
[    1.049984] input: Power Button as /devices/LNXSYSTM:00/LNXPWRBN:00/input/input0
[    1.051344] ACPI: Power Button [PWRF]
[    1.052058] input: Sleep Button as /devices/LNXSYSTM:00/LNXSLPBN:00/input/input1
[    1.053295] ACPI: Sleep Button [SLPF]
[    1.054198] Serial: 8250/16550 driver, 32 ports, IRQ sharing enabled
[    1.054988] ACPI: Battery Slot [BAT0] (battery present)
[    1.076757] 00:02: ttyS0 at I/O 0x3f8 (irq = 4, base_baud = 115200) is a 16550A
[    1.079265] Linux agpgart interface v0.103
[    1.080949] loop: module loaded
[    1.082058] scsi host0: ata_piix
[    1.082824] scsi host1: ata_piix
[    1.083418] ata1: PATA max UDMA/33 cmd 0x1f0 ctl 0x3f6 bmdma 0xd000 irq 14
[    1.084515] ata2: PATA max UDMA/33 cmd 0x170 ctl 0x376 bmdma 0xd008 irq 15
[    1.085645] libphy: Fixed MDIO Bus: probed
[    1.086366] tun: Universal TUN/TAP device driver, 1.6
[    1.087637] PPP generic driver version 2.4.2
[    1.088424] ehci_hcd: USB 2.0 'Enhanced' Host Controller (EHCI) Driver
[    1.089485] ehci-pci: EHCI PCI platform driver
[    1.090231] ehci-platform: EHCI generic platform driver
[    1.091078] ohci_hcd: USB 1.1 'Open' Host Controller (OHCI) Driver
[    1.092066] ohci-pci: OHCI PCI platform driver
[    1.092994] ohci-platform: OHCI generic platform driver
[    1.094219] uhci_hcd: USB Universal Host Controller Interface driver
[    1.095347] i8042: PNP: PS/2 Controller [PNP0303:PS2K,PNP0f03:PS2M] at 0x60,0x64 irq 1,12
[    1.097203] serio: i8042 KBD port at 0x60,0x64 irq 1
[    1.098318] serio: i8042 AUX port at 0x60,0x64 irq 12
[    1.099356] mousedev: PS/2 mouse device common for all mice
[    1.100643] input: AT Translated Set 2 keyboard as /devices/platform/i8042/serio0/input/input2
[    1.102559] rtc_cmos rtc_cmos: rtc core: registered rtc_cmos as rtc0
[    1.103781] rtc_cmos rtc_cmos: alarms up to one day, 114 bytes nvram
[    1.105005] i2c /dev entries driver
[    1.105825] device-mapper: uevent: version 1.0.3
[    1.106888] device-mapper: ioctl: 4.37.0-ioctl (2017-09-20) initialised: dm-devel@redhat.com
[    1.108984] ledtrig-cpu: registered to indicate activity on CPUs
[    1.110505] NET: Registered protocol family 10
[    1.114404] Segment Routing with IPv6
[    1.115133] NET: Registered protocol family 17
[    1.116099] Key type dns_resolver registered
[    1.117177] mce: Using 0 MCE banks
[    1.117866] RAS: Correctable Errors collector initialized.
[    1.118862] sched_clock: Marking stable (1117131765, 0)->(1335358900, -218227135)
[    1.120626] registered taskstats version 1
[    1.121398] Loading compiled-in X.509 certificates
[    1.124203] Loaded X.509 cert 'Build time autogenerated kernel key: 81757e40860ca54b8a45e323b66799c03c91a344'
[    1.126087] zswap: loaded using pool lzo/zbud
[    1.129881] Key type big_key registered
[    1.130617] Key type trusted registered
[    1.132853] Key type encrypted registered
[    1.133622] AppArmor: AppArmor sha1 policy hashing enabled
[    1.134603] ima: No TPM chip found, activating TPM-bypass! (rc=-19)
[    1.135710] ima: Allocated hash algorithm: sha1
[    1.136758] evm: HMAC attrs: 0x1
[    1.137611]   Magic number: 8:44:279
[    1.138514] event_source tracepoint: hash matches
[    1.139377] tty tty16: hash matches
[    1.140199] rtc_cmos rtc_cmos: setting system clock to 2020-06-14 12:15:02 UTC (1592136902)
[    1.141850] BIOS EDD facility v0.16 2004-Jun-25, 0 devices found
[    1.143027] EDD information not available.
[    1.246443] Freeing unused kernel image memory: 2432K
[    1.260025] Write protecting the kernel read-only data: 20480k
[    1.261623] Freeing unused kernel image memory: 2008K
[    1.262794] Freeing unused kernel image memory: 1876K
[    1.270325] x86/mm: Checked W+X mappings: passed, no W+X pages found.
[    1.271517] x86/mm: Checking user space page tables
[    1.279076] x86/mm: Checked W+X mappings: passed, no W+X pages found.
Loading, please wait...
starting version 237
[    1.362106] e1000: Intel(R) PRO/1000 Network Driver - version 7.3.21-k8-NAPI
[    1.363365] e1000: Copyright (c) 1999-2006 Intel Corporation.
[    1.366628] Fusion MPT base driver 3.04.20
[    1.367432] Copyright (c) 1999-2008 LSI Corporation
[    1.387066] AVX2 version of gcm_enc/dec engaged.
[    1.387984] AES CTR mode by8 optimization enabled
[    1.391711] Fusion MPT SPI Host driver 3.04.20
[    1.579927] input: ImExPS/2 Generic Explorer Mouse as /devices/platform/i8042/serio1/input/input4
[    1.835015] e1000 0000:00:03.0 eth0: (PCI:33MHz:32-bit) 02:d0:42:45:d9:44
[    1.836247] e1000 0000:00:03.0 eth0: Intel(R) PRO/1000 Network Connection
[    1.838436] mptbase: ioc0: Initiating bringup
[    2.769041] ioc0: LSI53C1030 A0: Capabilities={Initiator}
[    3.307586] scsi host2: ioc0: LSI53C1030 A0, FwRev=00000000h, Ports=1, MaxQ=256, IRQ=20
[    3.814153] scsi 2:0:0:0: Direct-Access     VBOX     HARDDISK         1.0  PQ: 0 ANSI: 5
[    3.844121] scsi target2:0:0: Beginning Domain Validation
[    3.904649] scsi target2:0:0: Domain Validation skipping write tests
[    3.906175] scsi target2:0:0: Ending Domain Validation
[    3.911446] scsi target2:0:0: asynchronous
[    3.924571] scsi 2:0:1:0: Direct-Access     VBOX     HARDDISK         1.0  PQ: 0 ANSI: 5
[    4.164133] scsi target2:0:1: Beginning Domain Validation
[    4.166845] random: fast init done
[    4.167902] scsi target2:0:1: Domain Validation skipping write tests
[    4.169173] scsi target2:0:1: Ending Domain Validation
[    4.170217] scsi target2:0:1: asynchronous
[    4.175947] sd 2:0:0:0: [sda] 20971520 512-byte logical blocks: (10.7 GB/10.0 GiB)
[    4.177690] random: systemd-udevd: uninitialized urandom read (16 bytes read)
[    4.178670] sd 2:0:0:0: Attached scsi generic sg0 type 0
[    4.179983] random: systemd-udevd: uninitialized urandom read (16 bytes read)
[    4.179986] random: systemd-udevd: uninitialized urandom read (16 bytes read)
[    4.188897] sd 2:0:0:0: [sda] Write Protect is off
[    4.192963] sd 2:0:0:0: [sda] Incomplete mode parameter data
[    4.194100] sd 2:0:0:0: [sda] Assuming drive cache: write through
[    4.195801] sd 2:0:1:0: [sdb] 20480 512-byte logical blocks: (10.5 MB/10.0 MiB)
[    4.197580] sd 2:0:1:0: [sdb] Write Protect is off
[    4.198809] sd 2:0:1:0: [sdb] Incomplete mode parameter data
[    4.199934] sd 2:0:1:0: [sdb] Assuming drive cache: write through
[    4.201215] sd 2:0:1:0: Attached scsi generic sg1 type 0
[    4.204697]  sda: sda1
[    4.206378] sd 2:0:0:0: [sda] Attached SCSI disk
[    4.208672] sd 2:0:1:0: [sdb] Attached SCSI disk
[    4.252940] e1000 0000:00:08.0 eth1: (PCI:33MHz:32-bit) 08:00:27:41:ed:29
[    4.254155] e1000 0000:00:08.0 eth1: Intel(R) PRO/1000 Network Connection
[    4.256580] e1000 0000:00:08.0 enp0s8: renamed from eth1
[    4.286162] e1000 0000:00:03.0 enp0s3: renamed from eth0
Begin: Loading essential drivers ... [    5.828045] raid6: sse2x1   gen() 12831 MB/s
[    5.876826] raid6: sse2x1   xor()  8861 MB/s
[    5.924688] raid6: sse2x2   gen() 16179 MB/s
[    5.972481] raid6: sse2x2   xor() 11012 MB/s
[    6.020016] raid6: sse2x4   gen() 18797 MB/s
[    6.068357] raid6: sse2x4   xor() 11134 MB/s
[    6.116188] raid6: avx2x1   gen() 26469 MB/s
[    6.164023] raid6: avx2x1   xor() 16596 MB/s
[    6.212048] raid6: avx2x2   gen() 20389 MB/s
[    6.260770] raid6: avx2x2   xor() 20228 MB/s
[    6.308387] raid6: avx2x4   gen() 30918 MB/s
[    6.356727] raid6: avx2x4   xor() 22912 MB/s
[    6.357610] raid6: using algorithm avx2x4 gen() 30918 MB/s
[    6.358718] raid6: .... xor() 22912 MB/s, rmw enabled
[    6.359759] raid6: using avx2x2 recovery algorithm
[    6.361778] xor: automatically using best checksumming function   avx       
[    6.364090] async_tx: api initialized (async)
done.
Begin: Running /scripts/init-premount ... done.
Begin: Mounting root file system ... Begin: Running /scripts/local-top ... done.
Begin: Running /scripts/local-premount ... [    6.405011] Btrfs loaded, crc32c=crc32c-intel
Scanning for Btrfs filesystems
done.
Warning: fsck not present, so skipping root file system
[    6.432677] EXT4-fs (sda1): mounted filesystem with ordered data mode. Opts: (null)
done.
Begin: Running /scripts/local-bottom ... done.
Begin: Running /scripts/init-bottom ... done.
[    6.572208] ip_tables: (C) 2000-2006 Netfilter Core Team
[    6.580345] systemd[1]: systemd 237 running in system mode. (+PAM +AUDIT +SELINUX +IMA +APPARMOR +SMACK +SYSVINIT +UTMP +LIBCRYPTSETUP +GCRYPT +GNUTLS +ACL +XZ +LZ4 +SECCOMP +BLKID +ELFUTILS +KMOD -IDN2 +IDN -PCRE2 default-hierarchy=hybrid)
[    6.584301] systemd[1]: Detected virtualization oracle.
[    6.585334] systemd[1]: Detected architecture x86-64.

Welcome to [1mUbuntu 18.04.4 LTS[0m!

[    6.591129] systemd[1]: Set hostname to <ubuntu>.
[    6.595530] systemd[1]: Initializing machine ID from random generator.
[    6.596829] systemd[1]: Installed transient /etc/machine-id file.
[    6.877944] systemd[1]: Created slice System Slice.
[[0;32m  OK  [0m] Created slice System Slice.
[    6.889072] systemd[1]: Listening on udev Control Socket.
[[0;32m  OK  [0m] Listening on udev Control Socket.
[    6.902833] systemd[1]: Listening on Journal Audit Socket.
[[0;32m  OK  [0m] Listening on Journal Audit Socket.
[    6.904493] systemd[1]: Listening on Device-mapper event daemon FIFOs.
[[0;32m  OK  [0m] Listening on Device-mapper event daemon FIFOs.
[[0;32m  OK  [0m] Started Forward Password Requests to Wall Directory Watch.
[[0;32m  OK  [0m] Created slice system-serial\x2dgetty.slice.
[[0;32m  OK  [0m] Set up automount Arbitrary Executab…rmats File System Automount Point.
[[0;32m  OK  [0m] Listening on udev Kernel Socket.
[[0;32m  OK  [0m] Listening on Network Service Netlink Socket.
[[0;32m  OK  [0m] Listening on LVM2 metadata daemon socket.
[[0;32m  OK  [0m] Reached target Swap.
[[0;32m  OK  [0m] Listening on Syslog Socket.
[[0;32m  OK  [0m] Reached target System Time Synchronized.
[[0;32m  OK  [0m] Listening on Journal Socket (/dev/log).
[[0;32m  OK  [0m] Reached target User and Group Name Lookups.
[[0;32m  OK  [0m] Created slice User and Session Slice.
[[0;32m  OK  [0m] Reached target Slices.
[[0;32m  OK  [0m] Listening on Journal Socket.
         Mounting Huge Pages File System...
         Starting Set the console keyboard layout...
         Mounting Kernel Debug File System...
         Starting Load Kernel Modules...
         Starting udev Coldplug all Devices...
         Starting Monitoring of LVM2 mirrors…ng dmeventd or progress polling...
         Mounting POSIX Message Queue File System...
         Starting Create list of required st…ce nodes for the current kernel...
         Starting Uncomplicated firewall...
[[0;32m  OK  [0m] Listening on LVM2 poll daemon socket.
[[0;32m  OK  [0m] Listening on /dev/initctl Compatibility Named Pipe.
         Starting Journal Service...
[    7.006604] Loading iSCSI transport class v2.0-870.
         Starting Remount Root and Kernel File Systems...
[[0;32m  OK  [0m] Mounted Huge Pages File System.
[[0;32m  OK  [0m] Mounted Kernel Debug File System.
[[0;32m  OK  [0m] Mounted POSIX Message Queue File System.
[[0;32m  OK  [0m] Started Create list of required sta…vice nodes for the current kernel.
[[0;32m  OK  [0m] Started Uncomplicated firewall.
         Starting Create Static Device Nodes in /dev...
[    7.077582] iscsi: registered transport (tcp)
[[0;32m  OK  [0m] Started Journal Service.
[[0;32m  OK  [0m] Started udev Coldplug all Devices.
[[0;32m  OK  [0m] Started Create Static Device Nodes in /dev.
[    7.159355] iscsi: registered transport (iser)
[    7.162972] EXT4-fs (sda1): re-mounted. Opts: (null)
[[0;32m  OK  [0m] Started Load Kernel Modules.
[[0;32m  OK  [0m] Started Remount Root and Kernel File Systems.
[[0;32m  OK  [0m] Started LVM2 metadata daemon.
         Starting Load/Save Random Seed...
         Starting Flush Journal to Persistent Storage...
         Starting Apply Kernel Variables...
         Mounting FUSE Control File System...
         Mounting Kernel Configuration File System...
         Starting udev Kernel Device Manager...
[[0;32m  OK  [0m] Started Load/Save Random Seed.
[[0;32m  OK  [0m] Mounted FUSE Control File System.
[[0;32m  OK  [0m] Started Monitoring of LVM2 mirrors,…sing dmeventd or progress polling.
[[0;32m  OK  [0m] Mounted Kernel Configuration File System.
[[0;32m  OK  [0m] Started Apply Kernel Variables.
[[0;32m  OK  [0m] Started udev Kernel Device Manager.
[[0;32m  OK  [0m] Started Flush Journal to Persistent Storage.
[[0;32m  OK  [0m] Found device /dev/ttyS0.
[[0;32m  OK  [0m] Listening on Load/Save RF Kill Switch Status /dev/rfkill Watch.
[[0;32m  OK  [0m] Started Set the console keyboard layout.
[[0;32m  OK  [0m] Started Dispatch Password Requests to Console Directory Watch.
[[0;32m  OK  [0m] Reached target Local Encrypted Volumes.
[[0;32m  OK  [0m] Reached target Local File Systems (Pre).
[[0;32m  OK  [0m] Reached target Local File Systems.
         Starting Create Volatile Files and Directories...
         Starting AppArmor initialization...
         Starting ebtables ruleset management...
         Starting Commit a transient machine-id on disk...
         Starting Tell Plymouth To Write Out Runtime Data...
         Starting Set console font and keymap...
[[0;32m  OK  [0m] Started Create Volatile Files and Directories.
         Starting Update UTMP about System Boot/Shutdown...
[[0;32m  OK  [0m] Started Tell Plymouth To Write Out Runtime Data.
[[0;32m  OK  [0m] Started Set console font and keymap.
[[0;32m  OK  [0m] Started Update UTMP about System Boot/Shutdown.
[[0;32m  OK  [0m] Started Commit a transient machine-id on disk.
[[0;32m  OK  [0m] Started ebtables ruleset management.
[[0;32m  OK  [0m] Started AppArmor initialization.
         Starting Initial cloud-init job (pre-networking)...
[   11.817234] cloud-init[671]: Cloud-init v. 19.4-33-gbb4131a2-0ubuntu1~18.04.1 running 'init-local' at Sun, 14 Jun 2020 12:15:12 +0000. Up 11.05 seconds.
[[0;32m  OK  [0m] Started Initial cloud-init job (pre-networking).
[[0;32m  OK  [0m] Reached target Network (Pre).
         Starting Network Service...
[[0;32m  OK  [0m] Started Network Service.
         Starting Network Name Resolution...
         Starting Wait for Network to be Configured...
[[0;32m  OK  [0m] Started Network Name Resolution.
[[0;32m  OK  [0m] Reached target Host and Network Name Lookups.
[[0;32m  OK  [0m] Reached target Network.
[[0;32m  OK  [0m] Started Wait for Network to be Configured.
         Starting Initial cloud-init job (metadata service crawler)...
[   14.157242] cloud-init[798]: Cloud-init v. 19.4-33-gbb4131a2-0ubuntu1~18.04.1 running 'init' at Sun, 14 Jun 2020 12:15:15 +0000. Up 13.96 seconds.
[   14.158758] cloud-init[798]: ci-info: ++++++++++++++++++++++++++++++++++++++Net device info+++++++++++++++++++++++++++++++++++++++
[   14.159776] cloud-init[798]: ci-info: +--------+-------+----------------------------+---------------+--------+-------------------+
[   14.161043] cloud-init[798]: ci-info: | Device |   Up  |          Address           |      Mask     | Scope  |     Hw-Address    |
[   14.162421] cloud-init[798]: ci-info: +--------+-------+----------------------------+---------------+--------+-------------------+
[   14.163746] cloud-init[798]: ci-info: | enp0s3 |  True |         10.0.2.15          | 255.255.255.0 | global | 02:d0:42:45:d9:44 |
[   14.185048] cloud-init[798]: ci-info: | enp0s3 |  True | fe80::d0:42ff:fe45:d944/64 |       .       |  link  | 02:d0:42:45:d9:44 |
[   14.186111] cloud-init[798]: ci-info: | enp0s8 | False |             .              |       .       |   .    | 08:00:27:41:ed:29 |
[   14.197553] cloud-init[798]: ci-info: |   lo   |  True |         127.0.0.1          |   255.0.0.0   |  host  |         .         |
[   14.199590] cloud-init[798]: ci-info: |   lo   |  True |          ::1/128           |       .       |  host  |         .         |
[   14.201807] cloud-init[798]: ci-info: +--------+-------+----------------------------+---------------+--------+-------------------+
[   14.203176] cloud-init[798]: ci-info: ++++++++++++++++++++++++++++Route IPv4 info+++++++++++++++++++++++++++++
[   14.204494] cloud-init[798]: ci-info: +-------+-------------+----------+-----------------+-----------+-------+
[   14.216450] cloud-init[798]: ci-info: | Route | Destination | Gateway  |     Genmask     | Interface | Flags |
[   14.217494] cloud-init[798]: ci-info: +-------+-------------+----------+-----------------+-----------+-------+
[   14.218747] cloud-init[798]: ci-info: |   0   |   0.0.0.0   | 10.0.2.2 |     0.0.0.0     |   enp0s3  |   UG  |
[   14.232334] cloud-init[798]: ci-info: |   1   |   10.0.2.0  | 0.0.0.0  |  255.255.255.0  |   enp0s3  |   U   |
[   14.244330] cloud-init[798]: ci-info: |   2   |   10.0.2.2  | 0.0.0.0  | 255.255.255.255 |   enp0s3  |   UH  |
[   14.256725] cloud-init[798]: ci-info: +-------+-------------+----------+-----------------+-----------+-------+
[   14.272172] cloud-init[798]: ci-info: +++++++++++++++++++Route IPv6 info+++++++++++++++++++
[   14.288377] cloud-init[798]: ci-info: +-------+-------------+---------+-----------+-------+
[   14.304157] cloud-init[798]: ci-info: | Route | Destination | Gateway | Interface | Flags |
[   14.304944] cloud-init[798]: ci-info: +-------+-------------+---------+-----------+-------+
[   14.305827] cloud-init[798]: ci-info: |   1   |  fe80::/64  |    ::   |   enp0s3  |   U   |
[   14.306944] cloud-init[798]: ci-info: |   3   |    local    |    ::   |   enp0s3  |   U   |
[   14.308108] cloud-init[798]: ci-info: |   4   |   ff00::/8  |    ::   |   enp0s3  |   U   |
[   14.309181] cloud-init[798]: ci-info: +-------+-------------+---------+-----------+-------+
[   14.849366] cloud-init[798]: Generating public/private rsa key pair.
[   14.860134] cloud-init[798]: Your identification has been saved in /etc/ssh/ssh_host_rsa_key.
[   14.860943] cloud-init[798]: Your public key has been saved in /etc/ssh/ssh_host_rsa_key.pub.
[   14.861717] cloud-init[798]: The key fingerprint is:
[   14.872747] cloud-init[798]: SHA256:epwL05wn9CDdH2c7L7FLbkb6I1DOJ4KuYeoFB3/8j3s root@ubuntu-bionic
[   14.884440] cloud-init[798]: The key's randomart image is:
[[0;32m  OK  [0m] Started Initial cloud-init job (metadata service crawler).
[[0;32m  OK  [0m] Reached target Cloud-config availability.
[   14.903100] cloud-init[798]: +---[RSA 2048]----+
[[0;32m  OK  [0m] Reached target Network is Online.
[   14.905302] cloud-init[798]:          Starting Availability of block devices...
[[0;32m  OK  [0m] Reached target Remote File Systems (Pre).
[[0;32m  OK  [0m] |                 |
[   14.908792] cloud-init[798]: |                 |
[   14.909452] cloud-init[798]: |    .            |
[   14.910112] cloud-init[798]: |     o o .  .    |
[   14.910773] cloud-init[798]: |    . + S..+. o  |
[   14.911430] cloud-init[798]: |     o O.*o.+++. |
Reached target Remote File Systems.
[   14.912286] [[0;32m  OK  [0m] Reached target System Initialization.
[[0;32m  OK  [0m] Listening on UUID daemon activation socket.
cloud-init[[0;32m  OK  [0m] Started ACPI Events Check.
[[0;32m  OK  [0m] Listening on Open-iSCSI iscsid Socket.
[[0;32m  OK  [0m] Started Daily Cleanup of Temporary Directories.
[798]: |      B.O +o.=+o |
[   14.915645] [[0;32m  OK  [0m] Listening on ACPID Listen Socket.
cloud-init[798]: |     + =.+ oEo*o |
         Starting Socket activation for snappy daemon.
[   14.919254] [[0;32m  OK  [0m] Started Discard unused blocks once a week.
[[0;32m  OK  [0m] Listening on D-Bus System Message Bus Socket.
[[0;32m  OK  [0m] Started Daily apt download activities.
[[0;32m  OK  [0m] Started Daily apt upgrade and clean activities.
[[0;32m  OK  [0m] Reached target Paths.
cloud-init[798]: |   .o ... oo.=++.|
         Starting LXD - unix socket.
[[0;32m  OK  [0m] Started Message of the Day.
[[0;32m  OK  [0m] Reached target Timers.
[[0;32m  OK  [0m] Listening on Socket activation for snappy daemon.
[   14.922570] cloud-init[798]: +----[SHA256]-----+
[   14.948980] [cloud-init[0;32m  OK  [0m[798]: ] Generating public/private dsa key pair.Started Availability of block devices.

[   14.949718] [cloud-init[0;32m  OK  [0m[798]: ] Your identification has been saved in /etc/ssh/ssh_host_dsa_key.Listening on LXD - unix socket.

[[0;32m  OK  [0m] Reached target Sockets.
[[0;32m  OK  [0m] Reached target Basic System.
[   14.960425]          cloud-initStarting Pollinate to seed the pseudo random number generator...[798]: Your public key has been saved in /etc/ssh/ssh_host_dsa_key.pub.

         Starting Login Service...
[   14.961752] cloud-init[798]: The key fingerprint is:         Starting Virtualbox guest utils...
         Starting Permit User Sessions...
         Starting LXD - container startup/shutdown...

[   14.966584] cloud-init[798]: SHA256:Qzjir9DcP9Fj+2P/YSUSDwZl6msDljEwxSN2OfTt8ss root@ubuntu-bionic
[   14.967704] cloud-init[798]: The key's randomart image is:
[   14.968481] cloud-init[798]: +---[DSA 1024]----+
[   14.970755] cloud-init[798]: |      o+o...o    |
[   14.971869] cloud-init[798]: |      o+*. =     |
[   14.973338] cloud-init[798]: |    ..oo+oo =    |
[   14.974016] cloud-init[798]: |   . . o = o +   |
[   14.974687] cloud-init[798]: |    .   S.o o o .|
[   14.975374] cloud-init[798]: |   o o ..o++ . ..|
[   14.976856] cloud-init[798]: |  . o o  o+o.  o |
[[0;32m  OK  [0m] Started Regular background program processing daemon.
[   14.978838] cloud-init[798]: |   . . ....oo.. .|
[[0;32m  OK  [0m] Started Deferred execution scheduler.
         Starting LSB: automatic crash report generation...
[[0;32m  OK  [0m] Started D-Bus System Message Bus.
[   14.984121] cloud-init[798]: |    .   .. oEo...|
[   14.984877] cloud-init[798]: +----[SHA256]-----+
[   14.987526] cloud-init[798]: Generating public/private ecdsa key pair.
[   14.989847] cloud-init[798]: Your identification has been saved in /etc/ssh/ssh_host_ecdsa_key.
[   14.991565] cloud-init[798]: Your public key has been saved in /etc/ssh/ssh_host_ecdsa_key.pub.
[   14.993302] cloud-init[798]: The key fingerprint is:
[   14.994137] cloud-init[798]: SHA256:TrMGz54A4ewDukibXDZSjlRYpwIxbfmREwVAiBQAxw4 root@ubuntu-bionic
[   14.995708] cloud-init[798]: The key's randomart image is:
[   14.997103] cloud-init[798]: +---[ECDSA 256]---+
[   14.998347] cloud-init[798]: |@O=+o*.          |
[   14.999096] cloud-init[798]: |EoB *            |
[   14.999887] cloud-init[798]: | * +.o           |
[   15.000789] cloud-init[798]: |  +o..           |
[   15.001760] cloud-init[798]: | ...+ . S        |
[   15.002643] cloud-init[798]: |..+o . * o       |
[   15.003459] cloud-init[798]: |.+ =o . *        |
[   15.004283] cloud-init[798]: |+.* .. + .       |
[   15.006605] cloud-init[798]: |o+      o        |
[   15.007657] cloud-init[798]: +----[SHA256]-----+
[   15.009064] cloud-init[798]: Generating public/private ed25519 key pair.
[   15.010914] cloud-init[798]: Your identification has been saved in /etc/ssh/ssh_host_ed25519_key.
[   15.013036] cloud-init[798]: Your public key has been saved in /etc/ssh/ssh_host_ed25519_key.pub.
[   15.014093] cloud-init[798]: The key fingerprint is:
[   15.014681] cloud-init[798]: SHA256:ycwVopEdX3WP33DfPh75KS0ZJCC0lirZpOnsmnpA/PU root@ubuntu-bionic
[   15.024926] cloud-init[798]: The key's randomart image is:
[   15.036488] cloud-init[798]: +--[ED25519 256]--+
[   15.036828] cloud-init[798]: |      o+o.. ... .|
[   15.037213] cloud-init[798]: |      .+++ o   o.|
[   15.048292] cloud-init[798]: |.    ..+. +   o o|
[   15.049178] cloud-init[798]: | o  *.o+ o . . ++|
[   15.064369] cloud-init[798]: |. .=.o. S   o   =|
[   15.077150] cloud-init[798]: |. o..  E     . ..|
[[0;32m  OK  [0m] Started FUSE filesystem for LXC.
[   15.098330] cloud-init[798]: | . o          ++.|
[   15.108692] cloud-init[798]: |  +          +..=|
[   15.109593] cloud-init[798]: |o+..          oo.|
[   15.120907] cloud-init[798]: +----[SHA256]-----+
         Starting Dispatcher daemon for systemd-networkd...
         Starting LSB: Record successful boot for GRUB...
         Starting System Logging Service...
         Starting Accounts Service...
[[0;32m  OK  [0m] Started irqbalance daemon.
         Starting Snappy daemon...
[[0;32m  OK  [0m] Started System Logging Service.
[[0;32m  OK  [0m] Started Permit User Sessions.
[[0;32m  OK  [0m] Started Login Service.
[[0;32m  OK  [0m] Started LXD - container startup/shutdown.
         Starting Authorization Manager...
[[0;32m  OK  [0m] Started Unattended Upgrades Shutdown.
         Starting Hold until boot process finishes up...
         Starting Terminate Plymouth Boot Screen...
[[0;32m  OK  [0m] Started Hold until boot process finishes up.
[[0;32m  OK  [0m] Started LSB: automatic crash report generation.
         Starting Set console scheme...
[[0;32m  OK  [0m] Started Serial Getty on ttyS0.
[[0;32m  OK  [0m] Started Terminate Plymouth Boot Screen.
[[0;32m  OK  [0m] Started Dispatcher daemon for systemd-networkd.
[[0;32m  OK  [0m] Started Set console scheme.
[[0;32m  OK  [0m] Created slice system-getty.slice.
[[0;32m  OK  [0m] Started Getty on tty1.
[[0;32m  OK  [0m] Reached target Login Prompts.
[[0;32m  OK  [0m] Started LSB: Record successful boot for GRUB.
[[0;32m  OK  [0m] Started Authorization Manager.
[[0;32m  OK  [0m] Started Accounts Service.
[[0;32m  OK  [0m] Started Virtualbox guest utils.
[[0;32m  OK  [0m] Started Pollinate to seed the pseudo random number generator.
         Starting OpenBSD Secure Shell server...
[[0;32m  OK  [0m] Started OpenBSD Secure Shell server.
[[0;32m  OK  [0m] Started Snappy daemon.
         Starting Wait until snapd is fully seeded...
[[0;32m  OK  [0m] Started Wait until snapd is fully seeded.
         Starting Apply the settings specified in cloud-config...
[[0;32m  OK  [0m] Reached target Multi-User System.
[[0;32m  OK  [0m] Reached target Graphical Interface.
         Starting Update UTMP about System Runlevel Changes...
[[0;32m  OK  [0m] Started Update UTMP about System Runlevel Changes.
[[0;32m  OK  [0m] Created slice User Slice of vagrant.
         Starting User Manager for UID 1000...
[[0;32m  OK  [0m] Started Session 1 of user vagrant.
[[0;32m  OK  [0m] Started User Manager for UID 1000.
[   19.804779] cloud-init[1364]: Cloud-init v. 19.4-33-gbb4131a2-0ubuntu1~18.04.1 running 'modules:config' at Sun, 14 Jun 2020 12:15:20 +0000. Up 18.79 seconds.
[[0;32m  OK  [0m] Started Apply the settings specified in cloud-config.
         Starting Execute cloud user/final scripts...
ci-info: no authorized SSH keys fingerprints found for user ubuntu.
<14>Jun 14 12:15:21 ec2: 
<14>Jun 14 12:15:21 ec2: #############################################################
<14>Jun 14 12:15:21 ec2: -----BEGIN SSH HOST KEY FINGERPRINTS-----
<14>Jun 14 12:15:21 ec2: 1024 SHA256:Qzjir9DcP9Fj+2P/YSUSDwZl6msDljEwxSN2OfTt8ss root@ubuntu-bionic (DSA)
<14>Jun 14 12:15:21 ec2: 256 SHA256:TrMGz54A4ewDukibXDZSjlRYpwIxbfmREwVAiBQAxw4 root@ubuntu-bionic (ECDSA)
<14>Jun 14 12:15:21 ec2: 256 SHA256:ycwVopEdX3WP33DfPh75KS0ZJCC0lirZpOnsmnpA/PU root@ubuntu-bionic (ED25519)
<14>Jun 14 12:15:21 ec2: 2048 SHA256:epwL05wn9CDdH2c7L7FLbkb6I1DOJ4KuYeoFB3/8j3s root@ubuntu-bionic (RSA)
<14>Jun 14 12:15:21 ec2: -----END SSH HOST KEY FINGERPRINTS-----
<14>Jun 14 12:15:21 ec2: #############################################################
-----BEGIN SSH HOST KEY KEYS-----
ecdsa-sha2-nistp256 AAAAE2VjZHNhLXNoYTItbmlzdHAyNTYAAAAIbmlzdHAyNTYAAABBBPwGd371iCR1uYN2lYBs8zgTN5cHBYbCma9FEukq+68cWzdPuqMn0MUG+5RJ7DLx5kV2DV2Vo2MJ9ZA9Xt+QSpQ= root@ubuntu-bionic
ssh-ed25519 AAAAC3NzaC1lZDI1NTE5AAAAIMEnxbFo/MVwqj831c1aRzjvRJgYQXohiMhbLqBp56tt root@ubuntu-bionic
ssh-rsa AAAAB3NzaC1yc2EAAAADAQABAAABAQDgCEPfmsrHFaGjD1vZq6vXw3grA6wtUchVL9EraNyBtHzN5mg/S6nAh/YhZJqLgB8+cyJq1aG/pa5hiI5KzFAOU18lVWL8Z0YLtyij+4yPzVdBvNfL3O+9bYslrVggbCCK22zQKZ1VkhgvxEozZsBYrgLISwhxc4kiLKxVy8i/kd0TWu16nQUnBC3qxhQtHLYpFqQ2zNxh6hACyRWKjMaMISEeCNBNAmjUe03gukTrZctP1GGKNasiLtc1NpRElEmpncxGppLW1dscNRQ2Fild/ffOOTdxEmlSAEmOJ0Kphyt+doJr9Bve3V06sMVqhue400LaBc80Rjua7cR2PFV5 root@ubuntu-bionic
-----END SSH HOST KEY KEYS-----
[   20.688007] cloud-init[1484]: Cloud-init v. 19.4-33-gbb4131a2-0ubuntu1~18.04.1 running 'modules:final' at Sun, 14 Jun 2020 12:15:21 +0000. Up 20.36 seconds.
[   20.689579] cloud-init[1484]: ci-info: no authorized SSH keys fingerprints found for user ubuntu.
[   20.700157] cloud-init[1484]: Cloud-init v. 19.4-33-gbb4131a2-0ubuntu1~18.04.1 finished at Sun, 14 Jun 2020 12:15:21 +0000. Datasource DataSourceNoCloud [seed=/dev/sdb][dsmode=net].  Up 20.64 seconds
[[0;32m  OK  [0m] Started Execute cloud user/final scripts.
[[0;32m  OK  [0m] Reached target Cloud-init target.

Ubuntu 18.04.4 LTS ubuntu-bionic ttyS0

ubuntu-bionic login: 